This file contains any messages produced by compilers while
running configure, to aid debugging if configure makes a mistake.

It was created by mineos configure 1.0.2, which was
generated by GNU Autoconf 2.67.  Invocation command line was

  $ ./configure 

## --------- ##
## Platform. ##
## --------- ##

hostname = sage
uname -m = x86_64
uname -r = 5.15.3-1-default
uname -s = Linux
uname -v = #1 SMP Fri Nov 19 08:35:39 UTC 2021 (404f576)

/usr/bin/uname -p = x86_64
/bin/uname -X     = unknown

/bin/arch              = x86_64
/usr/bin/arch -k       = unknown
/usr/convex/getsysinfo = unknown
/usr/bin/hostinfo      = unknown
/bin/machine           = unknown
/usr/bin/oslevel       = unknown
/bin/universe          = unknown

PATH: /home/hngharti/anaconda3/bin
PATH: /home/hngharti/anaconda3/condabin
PATH: /home/hngharti/bin
PATH: /usr/local/bin
PATH: /usr/bin
PATH: /bin
PATH: /opt/bin


## ----------- ##
## Core tests. ##
## ----------- ##

configure:1747: loading site script /usr/share/site/x86_64-unknown-linux-gnu
| #!/bin/sh
| # Site script for configure. It is resourced via $CONFIG_SITE environment varaible.
| 
| # If user did not specify libdir, guess the correct target:
| # Use lib64 for 64 bit bi-arch targets, keep the default for the rest.
| if test "$libdir" = '${exec_prefix}/lib' ; then
| 
| 	ac_config_site_64bit_host=NONE
| 
| 	case "$host" in
| 	"" )
| 		# User did not specify host target.
| 		# The native platform x86_64 is a bi-arch platform.
| 		# Try to detect cross-compilation to inferior architecture.
| 
| 		# We are trying to guess 32-bit target compilation. It's not as easy as
| 		# it sounds, as there is possible several intermediate combinations.
| 		ac_config_site_cross_to_32bit_host=NONE
| 
| 		# User defined -m32 in CFLAGS or CXXFLAGS or CC or CXX:
| 		# (It's sufficient for 32-bit, but alone may cause mis-behavior of some checks.)
| 		case "$CFLAGS $CXXFLAGS $CC $CXX" in
| 		*-m32*)
| 			ac_config_site_cross_to_32bit_host=YES
| 			;;
| 		esac
| 
| 		# Running with linux32:
| 		# (Changes detected platform, but not the toolchain target.)
| 		case "`/bin/uname -i`" in
| 		x86_64 | ppc64 | s390x | aarch64 )
| 			;;
| 		* )
| 			ac_config_site_cross_to_32bit_host=YES
| 			;;
| 		esac
| 
| 		if test "x$ac_config_site_cross_to_32bit_host" = xNONE; then
| 			ac_config_site_64bit_host=YES
| 		fi
| 
| 		;;
| 	*x86_64* | *ppc64* | *s390x* | *aarch64* )
| 		ac_config_site_64bit_host=YES
| 		;;
| 	esac
| 
| 	if test "x$ac_config_site_64bit_host" = xYES; then
| 		libdir='${exec_prefix}/lib64'
| 	fi
| fi
| 
| # Continue with the standard behavior of configure defined in AC_SITE_LOAD:
| if test "x$prefix" != xNONE; then
| 	ac_site_file1=$prefix/share/config.site
| 	ac_site_file2=$prefix/etc/config.site
| else
| 	ac_site_file1=$ac_default_prefix/share/config.site
| 	ac_site_file2=$ac_default_prefix/etc/config.site
| fi
| for ac_site_file in "$ac_site_file1" "$ac_site_file2"
| do
| 	test "x$ac_site_file" = xNONE && continue
| 	if test /dev/null != "$ac_site_file" && test -r "$ac_site_file"; then
| 		{ $as_echo "/usr/share/site/x86_64-unknown-linux-gnu:${as_lineno-$LINENO}: loading site script $ac_site_file" >&5
| $as_echo "/usr/share/site/x86_64-unknown-linux-gnu: loading site script $ac_site_file" >&6;}
| 		sed 's/^/| /' "$ac_site_file" >&5
| 		. "$ac_site_file" \
| 			|| { { $as_echo "/usr/share/site/x86_64-unknown-linux-gnu:${as_lineno-$LINENO}: error: in \`$ac_pwd':" >&5
| $as_echo "/usr/share/site/x86_64-unknown-linux-gnu: error: in \`$ac_pwd':" >&2;}
| as_fn_error $? "failed to load site script $ac_site_file
| See \`config.log' for more details" "$LINENO" 5; }
| 	fi
| done
configure:1891: checking for a BSD-compatible install
configure:1959: result: /usr/bin/install -c
configure:1970: checking whether build environment is sane
configure:2020: result: yes
configure:2161: checking for a thread-safe mkdir -p
configure:2200: result: /usr/bin/mkdir -p
configure:2213: checking for gawk
configure:2229: found /usr/bin/gawk
configure:2240: result: gawk
configure:2251: checking whether make sets $(MAKE)
configure:2273: result: yes
configure:2408: checking for g77
configure:2438: result: no
configure:2408: checking for xlf
configure:2438: result: no
configure:2408: checking for f77
configure:2438: result: no
configure:2408: checking for frt
configure:2438: result: no
configure:2408: checking for pgf77
configure:2438: result: no
configure:2408: checking for cf77
configure:2438: result: no
configure:2408: checking for fort77
configure:2438: result: no
configure:2408: checking for fl32
configure:2438: result: no
configure:2408: checking for af77
configure:2438: result: no
configure:2408: checking for xlf90
configure:2438: result: no
configure:2408: checking for f90
configure:2438: result: no
configure:2408: checking for pgf90
configure:2438: result: no
configure:2408: checking for pghpf
configure:2438: result: no
configure:2408: checking for epcf90
configure:2438: result: no
configure:2408: checking for gfortran
configure:2424: found /usr/bin/gfortran
configure:2435: result: gfortran
configure:2461: checking for Fortran 77 compiler version
configure:2470: gfortran --version >&5
GNU Fortran (SUSE Linux) 10.3.1 20210707 [revision 048117e16c77f82598fca9af585500572d46ad73]
Copyright (C) 2020 Free Software Foundation, Inc.
This is free software; see the source for copying conditions.  There is NO
warranty; not even for MERCHANTABILITY or FITNESS FOR A PARTICULAR PURPOSE.

configure:2481: $? = 0
configure:2470: gfortran -v >&5
Using built-in specs.
COLLECT_GCC=gfortran
COLLECT_LTO_WRAPPER=/usr/lib64/gcc/x86_64-suse-linux/10/lto-wrapper
OFFLOAD_TARGET_NAMES=nvptx-none:amdgcn-amdhsa
OFFLOAD_TARGET_DEFAULT=1
Target: x86_64-suse-linux
Configured with: ../configure --prefix=/usr --infodir=/usr/share/info --mandir=/usr/share/man --libdir=/usr/lib64 --libexecdir=/usr/lib64 --enable-languages=c,c++,objc,fortran,obj-c++,ada,go,d --enable-offload-targets=nvptx-none,amdgcn-amdhsa, --without-cuda-driver --enable-checking=release --disable-werror --with-gxx-include-dir=/usr/include/c++/10 --enable-ssp --disable-libssp --disable-libvtv --enable-cet=auto --disable-libcc1 --enable-plugin --with-bugurl=https://bugs.opensuse.org/ --with-pkgversion='SUSE Linux' --with-slibdir=/lib64 --with-system-zlib --enable-libstdcxx-allocator=new --disable-libstdcxx-pch --enable-libphobos --enable-version-specific-runtime-libs --with-gcc-major-version-only --enable-linker-build-id --enable-linux-futex --enable-gnu-indirect-function --program-suffix=-10 --without-system-libunwind --enable-multilib --with-arch-32=x86-64 --with-tune=generic --with-build-config=bootstrap-lto-lean --enable-link-mutex --build=x86_64-suse-linux --host=x86_64-suse-linux
Thread model: posix
Supported LTO compression algorithms: zlib zstd
gcc version 10.3.1 20210707 [revision 048117e16c77f82598fca9af585500572d46ad73] (SUSE Linux) 
... rest of stderr output deleted ...
configure:2481: $? = 0
configure:2470: gfortran -V >&5
gfortran: error: unrecognized command-line option '-V'
gfortran: fatal error: no input files
compilation terminated.
configure:2481: $? = 1
configure:2470: gfortran -qversion >&5
gfortran: error: unrecognized command-line option '-qversion'; did you mean '--version'?
gfortran: fatal error: no input files
compilation terminated.
configure:2481: $? = 1
configure:2496: checking whether the Fortran 77 compiler works
configure:2518: gfortran   conftest.f  >&5
configure:2522: $? = 0
configure:2570: result: yes
configure:2573: checking for Fortran 77 compiler default output file name
configure:2575: result: a.out
configure:2581: checking for suffix of executables
configure:2588: gfortran -o conftest   conftest.f  >&5
configure:2592: $? = 0
configure:2614: result: 
configure:2630: checking whether we are cross compiling
configure:2638: gfortran -o conftest   conftest.f  >&5
configure:2642: $? = 0
configure:2649: ./conftest
configure:2653: $? = 0
configure:2668: result: no
configure:2673: checking for suffix of object files
configure:2689: gfortran -c  conftest.f >&5
configure:2693: $? = 0
configure:2714: result: o
configure:2722: checking whether we are using the GNU Fortran 77 compiler
configure:2735: gfortran -c  conftest.F >&5
configure:2735: $? = 0
configure:2744: result: yes
configure:2750: checking whether gfortran accepts -g
configure:2761: gfortran -c -g conftest.f >&5
configure:2761: $? = 0
configure:2769: result: yes
configure:2846: checking for gcc
configure:2862: found /usr/bin/gcc
configure:2873: result: gcc
configure:3102: checking for C compiler version
configure:3111: gcc --version >&5
gcc (SUSE Linux) 11.2.1 20210816 [revision 056e324ce46a7924b5cf10f61010cf9dd2ca10e9]
Copyright (C) 2021 Free Software Foundation, Inc.
This is free software; see the source for copying conditions.  There is NO
warranty; not even for MERCHANTABILITY or FITNESS FOR A PARTICULAR PURPOSE.

configure:3122: $? = 0
configure:3111: gcc -v >&5
Using built-in specs.
COLLECT_GCC=gcc
COLLECT_LTO_WRAPPER=/usr/lib64/gcc/x86_64-suse-linux/11/lto-wrapper
OFFLOAD_TARGET_NAMES=nvptx-none:amdgcn-amdhsa
OFFLOAD_TARGET_DEFAULT=1
Target: x86_64-suse-linux
Configured with: ../configure --prefix=/usr --infodir=/usr/share/info --mandir=/usr/share/man --libdir=/usr/lib64 --libexecdir=/usr/lib64 --enable-languages=c,c++,objc,fortran,obj-c++,ada,go,d,jit --enable-offload-targets=nvptx-none,amdgcn-amdhsa, --without-cuda-driver --enable-host-shared --enable-checking=release --disable-werror --with-gxx-include-dir=/usr/include/c++/11 --enable-ssp --disable-libssp --disable-libvtv --enable-cet=auto --disable-libcc1 --enable-plugin --with-bugurl=https://bugs.opensuse.org/ --with-pkgversion='SUSE Linux' --with-slibdir=/lib64 --with-system-zlib --enable-libstdcxx-allocator=new --disable-libstdcxx-pch --enable-libphobos --enable-version-specific-runtime-libs --with-gcc-major-version-only --enable-linker-build-id --enable-linux-futex --enable-gnu-indirect-function --program-suffix=-11 --without-system-libunwind --enable-multilib --with-arch-32=x86-64 --with-tune=generic --with-build-config=bootstrap-lto-lean --enable-link-mutex --build=x86_64-suse-linux --host=x86_64-suse-linux
Thread model: posix
Supported LTO compression algorithms: zlib zstd
gcc version 11.2.1 20210816 [revision 056e324ce46a7924b5cf10f61010cf9dd2ca10e9] (SUSE Linux) 
... rest of stderr output deleted ...
configure:3122: $? = 0
configure:3111: gcc -V >&5
gcc: error: unrecognized command-line option '-V'
gcc: fatal error: no input files
compilation terminated.
configure:3122: $? = 1
configure:3111: gcc -qversion >&5
gcc: error: unrecognized command-line option '-qversion'; did you mean '--version'?
gcc: fatal error: no input files
compilation terminated.
configure:3122: $? = 1
configure:3126: checking whether we are using the GNU C compiler
configure:3145: gcc -c   conftest.c >&5
configure:3145: $? = 0
configure:3154: result: yes
configure:3163: checking whether gcc accepts -g
configure:3183: gcc -c -g  conftest.c >&5
configure:3183: $? = 0
configure:3224: result: yes
configure:3241: checking for gcc option to accept ISO C89
configure:3305: gcc  -c -g -O2  conftest.c >&5
configure:3305: $? = 0
configure:3318: result: none needed
configure:3349: checking for style of include used by make
configure:3377: result: GNU
configure:3402: checking dependency style of gcc
configure:3512: result: gcc3
configure:3532: checking how to get verbose linking output from gfortran
configure:3542: gfortran -c -g -O2 conftest.f >&5
configure:3542: $? = 0
configure:3560: gfortran -o conftest -g -O2 -v conftest.f
Using built-in specs.
Target: x86_64-suse-linux
Configured with: ../configure --prefix=/usr --infodir=/usr/share/info --mandir=/usr/share/man --libdir=/usr/lib64 --libexecdir=/usr/lib64 --enable-languages=c,c++,objc,fortran,obj-c++,ada,go,d --enable-offload-targets=nvptx-none,amdgcn-amdhsa, --without-cuda-driver --enable-checking=release --disable-werror --with-gxx-include-dir=/usr/include/c++/10 --enable-ssp --disable-libssp --disable-libvtv --enable-cet=auto --disable-libcc1 --enable-plugin --with-bugurl=https://bugs.opensuse.org/ --with-pkgversion='SUSE Linux' --with-slibdir=/lib64 --with-system-zlib --enable-libstdcxx-allocator=new --disable-libstdcxx-pch --enable-libphobos --enable-version-specific-runtime-libs --with-gcc-major-version-only --enable-linker-build-id --enable-linux-futex --enable-gnu-indirect-function --program-suffix=-10 --without-system-libunwind --enable-multilib --with-arch-32=x86-64 --with-tune=generic --with-build-config=bootstrap-lto-lean --enable-link-mutex --build=x86_64-suse-linux --host=x86_64-suse-linux
Thread model: posix
Supported LTO compression algorithms: zlib zstd
gcc version 10.3.1 20210707 [revision 048117e16c77f82598fca9af585500572d46ad73] (SUSE Linux) 
 /usr/lib64/gcc/x86_64-suse-linux/10/f951 conftest.f -ffixed-form -quiet -dumpbase conftest.f -mtune=generic -march=x86-64 -auxbase conftest -g -O2 -version -fintrinsic-modules-path /usr/lib64/gcc/x86_64-suse-linux/10/finclude -fpre-include=/usr/include/finclude/math-vector-fortran.h -o /tmp/cc2WL9MO.s
GNU Fortran (SUSE Linux) version 10.3.1 20210707 [revision 048117e16c77f82598fca9af585500572d46ad73] (x86_64-suse-linux)
	compiled by GNU C version 10.3.1 20210707 [revision 048117e16c77f82598fca9af585500572d46ad73], GMP version 6.2.1, MPFR version 4.1.0-p7, MPC version 1.2.1, isl version isl-0.24-GMP

GGC heuristics: --param ggc-min-expand=100 --param ggc-min-heapsize=131072
GNU Fortran2008 (SUSE Linux) version 10.3.1 20210707 [revision 048117e16c77f82598fca9af585500572d46ad73] (x86_64-suse-linux)
	compiled by GNU C version 10.3.1 20210707 [revision 048117e16c77f82598fca9af585500572d46ad73], GMP version 6.2.1, MPFR version 4.1.0-p7, MPC version 1.2.1, isl version isl-0.24-GMP

GGC heuristics: --param ggc-min-expand=100 --param ggc-min-heapsize=131072
 /usr/lib64/gcc/x86_64-suse-linux/10/../../../../x86_64-suse-linux/bin/as -v --64 -o /tmp/ccqpJrF4.o /tmp/cc2WL9MO.s
GNU assembler version 2.37 (x86_64-suse-linux) using BFD version (GNU Binutils; openSUSE Tumbleweed) 2.37.20211112-3
Reading specs from /usr/lib64/gcc/x86_64-suse-linux/10/libgfortran.spec
rename spec lib to liborig
 /usr/lib64/gcc/x86_64-suse-linux/10/collect2 -plugin /usr/lib64/gcc/x86_64-suse-linux/10/liblto_plugin.so -plugin-opt=/usr/lib64/gcc/x86_64-suse-linux/10/lto-wrapper -plugin-opt=-fresolution=/tmp/cca7c7Bz.res -plugin-opt=-pass-through=-lgcc_s -plugin-opt=-pass-through=-lgcc -plugin-opt=-pass-through=-lquadmath -plugin-opt=-pass-through=-lm -plugin-opt=-pass-through=-lgcc_s -plugin-opt=-pass-through=-lgcc -plugin-opt=-pass-through=-lc -plugin-opt=-pass-through=-lgcc_s -plugin-opt=-pass-through=-lgcc --build-id --eh-frame-hdr -m elf_x86_64 -dynamic-linker /lib64/ld-linux-x86-64.so.2 -o conftest /usr/lib64/gcc/x86_64-suse-linux/10/../../../../lib64/crt1.o /usr/lib64/gcc/x86_64-suse-linux/10/../../../../lib64/crti.o /usr/lib64/gcc/x86_64-suse-linux/10/crtbegin.o -L/usr/lib64/gcc/x86_64-suse-linux/10 -L/usr/lib64/gcc/x86_64-suse-linux/10/../../../../lib64 -L/lib/../lib64 -L/usr/lib/../lib64 -L/usr/lib64/gcc/x86_64-suse-linux/10/../../../../x86_64-suse-linux/lib -L/usr/lib64/gcc/x86_64-suse-linux/10/../../.. /tmp/ccqpJrF4.o -lgfortran -lm -lgcc_s -lgcc -lquadmath -lm -lgcc_s -lgcc -lc -lgcc_s -lgcc /usr/lib64/gcc/x86_64-suse-linux/10/crtend.o /usr/lib64/gcc/x86_64-suse-linux/10/../../../../lib64/crtn.o
configure:3625: result: -v
configure:3627: checking for Fortran 77 libraries of gfortran
configure:3650: gfortran -o conftest -g -O2 -v conftest.f
Using built-in specs.
Target: x86_64-suse-linux
Configured with: ../configure --prefix=/usr --infodir=/usr/share/info --mandir=/usr/share/man --libdir=/usr/lib64 --libexecdir=/usr/lib64 --enable-languages=c,c++,objc,fortran,obj-c++,ada,go,d --enable-offload-targets=nvptx-none,amdgcn-amdhsa, --without-cuda-driver --enable-checking=release --disable-werror --with-gxx-include-dir=/usr/include/c++/10 --enable-ssp --disable-libssp --disable-libvtv --enable-cet=auto --disable-libcc1 --enable-plugin --with-bugurl=https://bugs.opensuse.org/ --with-pkgversion='SUSE Linux' --with-slibdir=/lib64 --with-system-zlib --enable-libstdcxx-allocator=new --disable-libstdcxx-pch --enable-libphobos --enable-version-specific-runtime-libs --with-gcc-major-version-only --enable-linker-build-id --enable-linux-futex --enable-gnu-indirect-function --program-suffix=-10 --without-system-libunwind --enable-multilib --with-arch-32=x86-64 --with-tune=generic --with-build-config=bootstrap-lto-lean --enable-link-mutex --build=x86_64-suse-linux --host=x86_64-suse-linux
Thread model: posix
Supported LTO compression algorithms: zlib zstd
gcc version 10.3.1 20210707 [revision 048117e16c77f82598fca9af585500572d46ad73] (SUSE Linux) 
 /usr/lib64/gcc/x86_64-suse-linux/10/f951 conftest.f -ffixed-form -quiet -dumpbase conftest.f -mtune=generic -march=x86-64 -auxbase conftest -g -O2 -version -fintrinsic-modules-path /usr/lib64/gcc/x86_64-suse-linux/10/finclude -fpre-include=/usr/include/finclude/math-vector-fortran.h -o /tmp/cc7MyFPI.s
GNU Fortran (SUSE Linux) version 10.3.1 20210707 [revision 048117e16c77f82598fca9af585500572d46ad73] (x86_64-suse-linux)
	compiled by GNU C version 10.3.1 20210707 [revision 048117e16c77f82598fca9af585500572d46ad73], GMP version 6.2.1, MPFR version 4.1.0-p7, MPC version 1.2.1, isl version isl-0.24-GMP

GGC heuristics: --param ggc-min-expand=100 --param ggc-min-heapsize=131072
GNU Fortran2008 (SUSE Linux) version 10.3.1 20210707 [revision 048117e16c77f82598fca9af585500572d46ad73] (x86_64-suse-linux)
	compiled by GNU C version 10.3.1 20210707 [revision 048117e16c77f82598fca9af585500572d46ad73], GMP version 6.2.1, MPFR version 4.1.0-p7, MPC version 1.2.1, isl version isl-0.24-GMP

GGC heuristics: --param ggc-min-expand=100 --param ggc-min-heapsize=131072
 /usr/lib64/gcc/x86_64-suse-linux/10/../../../../x86_64-suse-linux/bin/as -v --64 -o /tmp/cc87MoLI.o /tmp/cc7MyFPI.s
GNU assembler version 2.37 (x86_64-suse-linux) using BFD version (GNU Binutils; openSUSE Tumbleweed) 2.37.20211112-3
Reading specs from /usr/lib64/gcc/x86_64-suse-linux/10/libgfortran.spec
rename spec lib to liborig
 /usr/lib64/gcc/x86_64-suse-linux/10/collect2 -plugin /usr/lib64/gcc/x86_64-suse-linux/10/liblto_plugin.so -plugin-opt=/usr/lib64/gcc/x86_64-suse-linux/10/lto-wrapper -plugin-opt=-fresolution=/tmp/ccWhPxcs.res -plugin-opt=-pass-through=-lgcc_s -plugin-opt=-pass-through=-lgcc -plugin-opt=-pass-through=-lquadmath -plugin-opt=-pass-through=-lm -plugin-opt=-pass-through=-lgcc_s -plugin-opt=-pass-through=-lgcc -plugin-opt=-pass-through=-lc -plugin-opt=-pass-through=-lgcc_s -plugin-opt=-pass-through=-lgcc --build-id --eh-frame-hdr -m elf_x86_64 -dynamic-linker /lib64/ld-linux-x86-64.so.2 -o conftest /usr/lib64/gcc/x86_64-suse-linux/10/../../../../lib64/crt1.o /usr/lib64/gcc/x86_64-suse-linux/10/../../../../lib64/crti.o /usr/lib64/gcc/x86_64-suse-linux/10/crtbegin.o -L/usr/lib64/gcc/x86_64-suse-linux/10 -L/usr/lib64/gcc/x86_64-suse-linux/10/../../../../lib64 -L/lib/../lib64 -L/usr/lib/../lib64 -L/usr/lib64/gcc/x86_64-suse-linux/10/../../../../x86_64-suse-linux/lib -L/usr/lib64/gcc/x86_64-suse-linux/10/../../.. /tmp/cc87MoLI.o -lgfortran -lm -lgcc_s -lgcc -lquadmath -lm -lgcc_s -lgcc -lc -lgcc_s -lgcc /usr/lib64/gcc/x86_64-suse-linux/10/crtend.o /usr/lib64/gcc/x86_64-suse-linux/10/../../../../lib64/crtn.o
configure:3824: result:  -L/usr/lib64/gcc/x86_64-suse-linux/10 -L/usr/lib64/gcc/x86_64-suse-linux/10/../../../../lib64 -L/lib/../lib64 -L/usr/lib/../lib64 -L/usr/lib64/gcc/x86_64-suse-linux/10/../../../../x86_64-suse-linux/lib -L/usr/lib64/gcc/x86_64-suse-linux/10/../../.. -lgfortran -lm -lquadmath
configure:3841: checking for dummy main to link with Fortran 77 libraries
configure:3875: gcc -o conftest -g -O2   conftest.c   -L/usr/lib64/gcc/x86_64-suse-linux/10 -L/usr/lib64/gcc/x86_64-suse-linux/10/../../../../lib64 -L/lib/../lib64 -L/usr/lib/../lib64 -L/usr/lib64/gcc/x86_64-suse-linux/10/../../../../x86_64-suse-linux/lib -L/usr/lib64/gcc/x86_64-suse-linux/10/../../.. -lgfortran -lm -lquadmath >&5
configure:3875: $? = 0
configure:3920: result: none
configure:3953: checking for Fortran 77 name-mangling scheme
configure:3966: gfortran -c -g -O2 conftest.f >&5
configure:3966: $? = 0
configure:4007: gcc -o conftest -g -O2   conftest.c cfortran_test.o   -L/usr/lib64/gcc/x86_64-suse-linux/10 -L/usr/lib64/gcc/x86_64-suse-linux/10/../../../../lib64 -L/lib/../lib64 -L/usr/lib/../lib64 -L/usr/lib64/gcc/x86_64-suse-linux/10/../../../../x86_64-suse-linux/lib -L/usr/lib64/gcc/x86_64-suse-linux/10/../../.. -lgfortran -lm -lquadmath >&5
/usr/lib64/gcc/x86_64-suse-linux/11/../../../../x86_64-suse-linux/bin/ld: /tmp/ccNCSyzN.o: in function `main':
/hdisk/work/nmsyng/mineosg/conftest.c:30: undefined reference to `foobar'
collect2: error: ld returned 1 exit status
configure:4007: $? = 1
configure: failed program was:
| /* confdefs.h */
| #define PACKAGE_NAME "mineos"
| #define PACKAGE_TARNAME "mineos"
| #define PACKAGE_VERSION "1.0.2"
| #define PACKAGE_STRING "mineos 1.0.2"
| #define PACKAGE_BUGREPORT "cig-seismo@geodynamics.org"
| #define PACKAGE_URL ""
| #define PACKAGE "mineos"
| #define VERSION "1.0.2"
| /* end confdefs.h.  */
| 
| /* Override any GCC internal prototype to avoid an error.
|    Use char because int might match the return type of a GCC
|    builtin and then its argument prototype would still apply.  */
| #ifdef __cplusplus
| extern "C"
| #endif
| char foobar ();
| #ifdef F77_DUMMY_MAIN
| 
| #  ifdef __cplusplus
|      extern "C"
| #  endif
|    int F77_DUMMY_MAIN() { return 1; }
| 
| #endif
| int
| main ()
| {
| return foobar ();
|   ;
|   return 0;
| }
configure:4007: gcc -o conftest -g -O2   conftest.c cfortran_test.o   -L/usr/lib64/gcc/x86_64-suse-linux/10 -L/usr/lib64/gcc/x86_64-suse-linux/10/../../../../lib64 -L/lib/../lib64 -L/usr/lib/../lib64 -L/usr/lib64/gcc/x86_64-suse-linux/10/../../../../x86_64-suse-linux/lib -L/usr/lib64/gcc/x86_64-suse-linux/10/../../.. -lgfortran -lm -lquadmath >&5
configure:4007: $? = 0
configure:4065: gcc -o conftest -g -O2   conftest.c cfortran_test.o   -L/usr/lib64/gcc/x86_64-suse-linux/10 -L/usr/lib64/gcc/x86_64-suse-linux/10/../../../../lib64 -L/lib/../lib64 -L/usr/lib/../lib64 -L/usr/lib64/gcc/x86_64-suse-linux/10/../../../../x86_64-suse-linux/lib -L/usr/lib64/gcc/x86_64-suse-linux/10/../../.. -lgfortran -lm -lquadmath >&5
configure:4065: $? = 0
configure:4107: result: lower case, underscore, no extra underscore
configure:4295: creating ./config.status

## ---------------------- ##
## Running config.status. ##
## ---------------------- ##

This file was extended by mineos config.status 1.0.2, which was
generated by GNU Autoconf 2.67.  Invocation command line was

  CONFIG_FILES    = 
  CONFIG_HEADERS  = 
  CONFIG_LINKS    = 
  CONFIG_COMMANDS = 
  $ ./config.status 

on sage

config.status:852: creating Makefile
config.status:852: creating config.h
config.status:1032: config.h is unchanged
config.status:1080: executing depfiles commands

## ---------------- ##
## Cache variables. ##
## ---------------- ##

ac_cv_c_compiler_gnu=yes
ac_cv_env_CC_set=
ac_cv_env_CC_value=
ac_cv_env_CFLAGS_set=
ac_cv_env_CFLAGS_value=
ac_cv_env_CPPFLAGS_set=
ac_cv_env_CPPFLAGS_value=
ac_cv_env_F77_set=
ac_cv_env_F77_value=
ac_cv_env_FFLAGS_set=
ac_cv_env_FFLAGS_value=
ac_cv_env_LDFLAGS_set=
ac_cv_env_LDFLAGS_value=
ac_cv_env_LIBS_set=
ac_cv_env_LIBS_value=
ac_cv_env_build_alias_set=
ac_cv_env_build_alias_value=
ac_cv_env_host_alias_set=
ac_cv_env_host_alias_value=
ac_cv_env_target_alias_set=
ac_cv_env_target_alias_value=
ac_cv_f77_compiler_gnu=yes
ac_cv_f77_dummy_main=none
ac_cv_f77_libs=' -L/usr/lib64/gcc/x86_64-suse-linux/10 -L/usr/lib64/gcc/x86_64-suse-linux/10/../../../../lib64 -L/lib/../lib64 -L/usr/lib/../lib64 -L/usr/lib64/gcc/x86_64-suse-linux/10/../../../../x86_64-suse-linux/lib -L/usr/lib64/gcc/x86_64-suse-linux/10/../../.. -lgfortran -lm -lquadmath'
ac_cv_f77_mangling='lower case, underscore, no extra underscore'
ac_cv_fortran_dummy_main=none
ac_cv_objext=o
ac_cv_path_install='/usr/bin/install -c'
ac_cv_path_mkdir=/usr/bin/mkdir
ac_cv_prog_AWK=gawk
ac_cv_prog_ac_ct_CC=gcc
ac_cv_prog_ac_ct_F77=gfortran
ac_cv_prog_cc_c89=
ac_cv_prog_cc_g=yes
ac_cv_prog_f77_g=yes
ac_cv_prog_f77_v=-v
ac_cv_prog_make_make_set=yes
am_cv_CC_dependencies_compiler_type=gcc3

## ----------------- ##
## Output variables. ##
## ----------------- ##

ACLOCAL='${SHELL} /hdisk/work/nmsyng/mineosg/aux-config/missing --run aclocal-1.11'
AMDEPBACKSLASH='\'
AMDEP_FALSE='#'
AMDEP_TRUE=''
AMTAR='${SHELL} /hdisk/work/nmsyng/mineosg/aux-config/missing --run tar'
AUTOCONF='${SHELL} /hdisk/work/nmsyng/mineosg/aux-config/missing --run autoconf'
AUTOHEADER='${SHELL} /hdisk/work/nmsyng/mineosg/aux-config/missing --run autoheader'
AUTOMAKE='${SHELL} /hdisk/work/nmsyng/mineosg/aux-config/missing --run automake-1.11'
AWK='gawk'
CC='gcc'
CCDEPMODE='depmode=gcc3'
CFLAGS='-g -O2'
CPPFLAGS=''
CYGPATH_W='echo'
DEFS='-DHAVE_CONFIG_H'
DEPDIR='.deps'
ECHO_C=''
ECHO_N='-n'
ECHO_T=''
EXEEXT=''
F77='gfortran'
FFLAGS='-g -O2'
FLIBS=' -L/usr/lib64/gcc/x86_64-suse-linux/10 -L/usr/lib64/gcc/x86_64-suse-linux/10/../../../../lib64 -L/lib/../lib64 -L/usr/lib/../lib64 -L/usr/lib64/gcc/x86_64-suse-linux/10/../../../../x86_64-suse-linux/lib -L/usr/lib64/gcc/x86_64-suse-linux/10/../../.. -lgfortran -lm -lquadmath'
INSTALL_DATA='${INSTALL} -m 644'
INSTALL_PROGRAM='${INSTALL}'
INSTALL_SCRIPT='${INSTALL}'
INSTALL_STRIP_PROGRAM='$(install_sh) -c -s'
LDFLAGS=''
LIBOBJS=''
LIBS=''
LTLIBOBJS=''
MAKEINFO='${SHELL} /hdisk/work/nmsyng/mineosg/aux-config/missing --run makeinfo'
MKDIR_P='/usr/bin/mkdir -p'
OBJEXT='o'
PACKAGE='mineos'
PACKAGE_BUGREPORT='cig-seismo@geodynamics.org'
PACKAGE_NAME='mineos'
PACKAGE_STRING='mineos 1.0.2'
PACKAGE_TARNAME='mineos'
PACKAGE_URL=''
PACKAGE_VERSION='1.0.2'
PATH_SEPARATOR=':'
SET_MAKE=''
SHELL='/bin/sh'
STRIP=''
VERSION='1.0.2'
ac_ct_CC='gcc'
ac_ct_F77='gfortran'
am__EXEEXT_FALSE=''
am__EXEEXT_TRUE='#'
am__fastdepCC_FALSE='#'
am__fastdepCC_TRUE=''
am__include='include'
am__isrc=''
am__leading_dot='.'
am__quote=''
am__tar='${AMTAR} chof - "$$tardir"'
am__untar='${AMTAR} xf -'
bindir='${exec_prefix}/bin'
build_alias=''
datadir='${datarootdir}'
datarootdir='${prefix}/share'
docdir='${datarootdir}/doc/${PACKAGE_TARNAME}'
dvidir='${docdir}'
exec_prefix='${prefix}'
host_alias=''
htmldir='${docdir}'
includedir='${prefix}/include'
infodir='${datarootdir}/info'
install_sh='${SHELL} /hdisk/work/nmsyng/mineosg/aux-config/install-sh'
libdir='${exec_prefix}/lib64'
libexecdir='${exec_prefix}/libexec'
localedir='${datarootdir}/locale'
localstatedir='${prefix}/var'
mandir='${datarootdir}/man'
mkdir_p='/usr/bin/mkdir -p'
oldincludedir='/usr/include'
pdfdir='${docdir}'
prefix='/usr/local'
program_transform_name='s,x,x,'
psdir='${docdir}'
sbindir='${exec_prefix}/sbin'
sharedstatedir='${prefix}/com'
sysconfdir='${prefix}/etc'
target_alias=''

## ----------- ##
## confdefs.h. ##
## ----------- ##

/* confdefs.h */
#define PACKAGE_NAME "mineos"
#define PACKAGE_TARNAME "mineos"
#define PACKAGE_VERSION "1.0.2"
#define PACKAGE_STRING "mineos 1.0.2"
#define PACKAGE_BUGREPORT "cig-seismo@geodynamics.org"
#define PACKAGE_URL ""
#define PACKAGE "mineos"
#define VERSION "1.0.2"
#define F77_FUNC(name,NAME) name ## _
#define F77_FUNC_(name,NAME) name ## _

configure: exit 0
